2022-04-01 12:41:25 WARNING (SyncWorker_0) [homeassistant.loader] We found a custom integration vesync which has not been tested by Home Assistant. This component might cause stability problems, be sure to disable it if you experience issues with Home Assistant
2022-04-01 12:41:25 INFO (MainThread) [homeassistant.setup] Setup of domain logger took 0.0 seconds
2022-04-01 12:41:25 INFO (MainThread) [homeassistant.setup] Setting up system_log
2022-04-01 12:41:25 INFO (MainThread) [homeassistant.setup] Setup of domain system_log took 0.0 seconds
2022-04-01 12:41:25 WARNING (Recorder) [homeassistant.components.recorder.util] The system could not validate that the sqlite3 database at //home/vlb/temp/HAcore/vesync-bpo/Config/home-assistant_v2.db was shutdown cleanly
2022-04-01 12:41:25 WARNING (Recorder) [homeassistant.components.recorder.util] Ended unfinished session (id=16 from 2022-04-01 10:28:05.941295)
2022-04-01 12:41:25 INFO (MainThread) [homeassistant.setup] Setup of domain recorder took 0.1 seconds
2022-04-01 12:41:25 INFO (MainThread) [homeassistant.bootstrap] Setting up stage 1: {'ssdp', 'lovelace', 'webhook', 'http', 'websocket_api', 'device_automation', 'person', 'zeroconf', 'analytics', 'dhcp', 'cloud', 'onboarding', 'api', 'usb', 'diagnostics', 'network', 'search', 'config', 'frontend', 'auth', 'image', 'system_log'}
2022-04-01 12:41:25 INFO (MainThread) [homeassistant.setup] Setting up lovelace
2022-04-01 12:41:25 INFO (MainThread) [homeassistant.setup] Setting up http
2022-04-01 12:41:25 INFO (MainThread) [homeassistant.setup] Setting up device_automation
2022-04-01 12:41:25 INFO (MainThread) [homeassistant.setup] Setup of domain device_automation took 0.0 seconds
2022-04-01 12:41:25 INFO (MainThread) [homeassistant.setup] Setting up dhcp
2022-04-01 12:41:25 INFO (MainThread) [homeassistant.setup] Setup of domain dhcp took 0.0 seconds
2022-04-01 12:41:25 INFO (MainThread) [homeassistant.setup] Setup of domain lovelace took 0.1 seconds
2022-04-01 12:41:25 INFO (MainThread) [homeassistant.setup] Setup of domain http took 0.1 seconds
2022-04-01 12:41:25 INFO (MainThread) [homeassistant.setup] Setting up webhook
2022-04-01 12:41:25 INFO (MainThread) [homeassistant.setup] Setup of domain webhook took 0.0 seconds
2022-04-01 12:41:25 INFO (MainThread) [homeassistant.setup] Setting up websocket_api
2022-04-01 12:41:25 INFO (MainThread) [homeassistant.setup] Setup of domain websocket_api took 0.0 seconds
2022-04-01 12:41:25 INFO (MainThread) [homeassistant.setup] Setting up api
2022-04-01 12:41:25 INFO (MainThread) [homeassistant.setup] Setup of domain api took 0.0 seconds
2022-04-01 12:41:25 INFO (MainThread) [homeassistant.setup] Setting up diagnostics
2022-04-01 12:41:25 INFO (MainThread) [homeassistant.setup] Setting up config
2022-04-01 12:41:25 INFO (MainThread) [homeassistant.setup] Setting up auth
2022-04-01 12:41:25 INFO (MainThread) [homeassistant.setup] Setup of domain auth took 0.0 seconds
2022-04-01 12:41:26 INFO (MainThread) [homeassistant.setup] Setup of domain diagnostics took 0.1 seconds
2022-04-01 12:41:26 INFO (MainThread) [homeassistant.setup] Setup of domain config took 0.1 seconds
2022-04-01 12:41:26 INFO (MainThread) [homeassistant.setup] Setting up image
2022-04-01 12:41:26 INFO (MainThread) [homeassistant.setup] Setting up search
2022-04-01 12:41:26 INFO (MainThread) [homeassistant.setup] Setup of domain search took 0.0 seconds
2022-04-01 12:41:26 INFO (MainThread) [homeassistant.setup] Setting up analytics
2022-04-01 12:41:26 INFO (SyncWorker_2) [homeassistant.loader] Loaded google_assistant from homeassistant.components.google_assistant
2022-04-01 12:41:26 INFO (SyncWorker_3) [homeassistant.loader] Loaded alexa from homeassistant.components.alexa
2022-04-01 12:41:26 INFO (MainThread) [homeassistant.setup] Setting up usb
2022-04-01 12:41:26 INFO (MainThread) [homeassistant.setup] Setup of domain usb took 0.0 seconds
2022-04-01 12:41:26 INFO (MainThread) [homeassistant.setup] Setting up network
2022-04-01 12:41:26 INFO (MainThread) [homeassistant.setup] Setup of domain network took 0.0 seconds
2022-04-01 12:41:26 INFO (MainThread) [homeassistant.setup] Setup of domain image took 0.1 seconds
2022-04-01 12:41:26 INFO (MainThread) [homeassistant.setup] Setup of domain analytics took 0.0 seconds
2022-04-01 12:41:26 INFO (SyncWorker_0) [homeassistant.loader] Loaded camera from homeassistant.components.camera
2022-04-01 12:41:26 INFO (MainThread) [homeassistant.setup] Setting up person
2022-04-01 12:41:26 INFO (SyncWorker_4) [homeassistant.loader] Loaded media_player from homeassistant.components.media_player
2022-04-01 12:41:26 INFO (MainThread) [homeassistant.setup] Setting up zeroconf
2022-04-01 12:41:26 INFO (MainThread) [homeassistant.setup] Setting up ssdp
2022-04-01 12:41:26 INFO (MainThread) [homeassistant.setup] Setup of domain ssdp took 0.0 seconds
2022-04-01 12:41:26 INFO (MainThread) [homeassistant.setup] Setup of domain zeroconf took 0.0 seconds
2022-04-01 12:41:26 INFO (MainThread) [homeassistant.setup] Setting up cloud
2022-04-01 12:41:26 INFO (MainThread) [homeassistant.setup] Setup of domain cloud took 0.0 seconds
2022-04-01 12:41:26 INFO (MainThread) [homeassistant.setup] Setup of domain person took 0.3 seconds
2022-04-01 12:41:26 INFO (MainThread) [homeassistant.setup] Setting up onboarding
2022-04-01 12:41:26 INFO (MainThread) [homeassistant.setup] Setup of domain onboarding took 0.0 seconds
2022-04-01 12:41:26 INFO (SyncWorker_0) [homeassistant.loader] Loaded hassio from homeassistant.components.hassio
2022-04-01 12:41:26 INFO (SyncWorker_4) [homeassistant.loader] Loaded device_tracker from homeassistant.components.device_tracker
2022-04-01 12:41:26 INFO (SyncWorker_3) [homeassistant.loader] Loaded group from homeassistant.components.group
2022-04-01 12:41:26 INFO (SyncWorker_2) [homeassistant.loader] Loaded panel_custom from homeassistant.components.panel_custom
2022-04-01 12:41:26 INFO (MainThread) [homeassistant.setup] Setting up frontend
2022-04-01 12:41:26 INFO (MainThread) [homeassistant.setup] Setup of domain frontend took 0.0 seconds
2022-04-01 12:41:26 INFO (MainThread) [homeassistant.bootstrap] Setting up stage 2: {'energy', 'input_button', 'input_boolean', 'input_datetime', 'media_source', 'vesync', 'trace', 'history', 'map', 'tts', 'my', 'default_config', 'blueprint', 'input_number', 'counter', 'tag', 'input_select', 'zone', 'logbook', 'scene', 'mobile_app', 'automation', 'timer', 'system_health', 'sun', 'radio_browser', 'script', 'input_text'}
2022-04-01 12:41:26 INFO (MainThread) [homeassistant.setup] Setting up input_button
2022-04-01 12:41:26 INFO (MainThread) [homeassistant.setup] Setting up input_boolean
2022-04-01 12:41:26 INFO (MainThread) [homeassistant.setup] Setting up input_datetime
2022-04-01 12:41:26 INFO (MainThread) [homeassistant.setup] Setting up media_source
2022-04-01 12:41:26 INFO (MainThread) [homeassistant.setup] Setting up vesync
2022-04-01 12:41:26 INFO (MainThread) [homeassistant.setup] Setup of domain vesync took 0.0 seconds
2022-04-01 12:41:26 INFO (MainThread) [homeassistant.setup] Setting up trace
2022-04-01 12:41:26 INFO (MainThread) [homeassistant.setup] Setup of domain trace took 0.0 seconds
2022-04-01 12:41:26 INFO (MainThread) [homeassistant.setup] Setting up history
2022-04-01 12:41:26 INFO (MainThread) [homeassistant.setup] Setup of domain history took 0.0 seconds
2022-04-01 12:41:26 INFO (MainThread) [homeassistant.setup] Setting up map
2022-04-01 12:41:26 INFO (MainThread) [homeassistant.setup] Setup of domain map took 0.0 seconds
2022-04-01 12:41:26 INFO (MainThread) [homeassistant.setup] Setting up my
2022-04-01 12:41:26 INFO (MainThread) [homeassistant.setup] Setup of domain my took 0.0 seconds
2022-04-01 12:41:26 INFO (MainThread) [homeassistant.setup] Setting up blueprint
2022-04-01 12:41:26 INFO (MainThread) [homeassistant.setup] Setup of domain blueprint took 0.0 seconds
2022-04-01 12:41:26 INFO (MainThread) [homeassistant.setup] Setting up input_number
2022-04-01 12:41:26 INFO (MainThread) [homeassistant.setup] Setting up counter
2022-04-01 12:41:26 INFO (MainThread) [homeassistant.setup] Setting up tag
2022-04-01 12:41:26 INFO (MainThread) [homeassistant.setup] Setting up input_select
2022-04-01 12:41:26 INFO (MainThread) [homeassistant.setup] Setting up zone
2022-04-01 12:41:26 INFO (MainThread) [homeassistant.setup] Setting up logbook
2022-04-01 12:41:26 INFO (MainThread) [homeassistant.setup] Setting up scene
2022-04-01 12:41:26 INFO (MainThread) [homeassistant.components.scene] Setting up scene.homeassistant
2022-04-01 12:41:26 INFO (MainThread) [homeassistant.setup] Setting up timer
2022-04-01 12:41:26 INFO (MainThread) [homeassistant.setup] Setting up system_health
2022-04-01 12:41:26 INFO (MainThread) [homeassistant.setup] Setting up sun
2022-04-01 12:41:26 INFO (MainThread) [homeassistant.setup] Setup of domain sun took 0.0 seconds
2022-04-01 12:41:26 INFO (MainThread) [homeassistant.setup] Setting up radio_browser
2022-04-01 12:41:26 INFO (MainThread) [homeassistant.setup] Setup of domain radio_browser took 0.0 seconds
2022-04-01 12:41:26 INFO (MainThread) [homeassistant.setup] Setting up input_text
2022-04-01 12:41:26 DEBUG (SyncWorker_3) [custom_components.vesync.pyvesync.helpers] [post] calling '/cloud/v1/user/login' api
2022-04-01 12:41:26 INFO (MainThread) [homeassistant.setup] Setup of domain media_source took 0.2 seconds
2022-04-01 12:41:26 INFO (SyncWorker_0) [homeassistant.loader] Loaded tado from homeassistant.components.tado
2022-04-01 12:41:26 INFO (MainThread) [homeassistant.setup] Setup of domain logbook took 0.1 seconds
2022-04-01 12:41:26 INFO (MainThread) [homeassistant.setup] Setup of domain scene took 0.1 seconds
2022-04-01 12:41:26 INFO (MainThread) [homeassistant.setup] Setting up automation
2022-04-01 12:41:26 INFO (MainThread) [homeassistant.setup] Setup of domain system_health took 0.1 seconds
2022-04-01 12:41:26 INFO (MainThread) [homeassistant.setup] Setting up script
2022-04-01 12:41:26 INFO (MainThread) [homeassistant.setup] Setting up energy
2022-04-01 12:41:26 INFO (MainThread) [homeassistant.setup] Setup of domain energy took 0.0 seconds
2022-04-01 12:41:26 INFO (SyncWorker_1) [homeassistant.loader] Loaded google_translate from homeassistant.components.google_translate
2022-04-01 12:41:26 INFO (MainThread) [homeassistant.setup] Setup of domain automation took 0.0 seconds
2022-04-01 12:41:26 INFO (MainThread) [homeassistant.setup] Setup of domain script took 0.0 seconds
2022-04-01 12:41:26 INFO (SyncWorker_5) [homeassistant.loader] Loaded sensor from homeassistant.components.sensor
2022-04-01 12:41:26 INFO (MainThread) [homeassistant.setup] Setting up tts
2022-04-01 12:41:26 INFO (MainThread) [homeassistant.setup] Setup of domain input_button took 0.2 seconds
2022-04-01 12:41:26 INFO (MainThread) [homeassistant.setup] Setup of domain tag took 0.2 seconds
2022-04-01 12:41:26 INFO (MainThread) [homeassistant.setup] Setup of domain input_datetime took 0.2 seconds
2022-04-01 12:41:26 INFO (MainThread) [homeassistant.setup] Setup of domain input_boolean took 0.2 seconds
2022-04-01 12:41:26 INFO (MainThread) [homeassistant.setup] Setup of domain input_number took 0.2 seconds
2022-04-01 12:41:26 INFO (MainThread) [homeassistant.components.http] Now listening on port 9443
2022-04-01 12:41:26 INFO (MainThread) [homeassistant.setup] Setting up sensor
2022-04-01 12:41:26 INFO (MainThread) [homeassistant.setup] Setup of domain sensor took 0.0 seconds
2022-04-01 12:41:26 INFO (MainThread) [homeassistant.setup] Setup of domain counter took 0.2 seconds
2022-04-01 12:41:26 INFO (MainThread) [homeassistant.setup] Setup of domain input_select took 0.2 seconds
2022-04-01 12:41:26 INFO (MainThread) [homeassistant.components.sensor] Setting up sensor.energy
2022-04-01 12:41:26 INFO (MainThread) [homeassistant.setup] Setup of domain zone took 0.2 seconds
2022-04-01 12:41:26 INFO (MainThread) [homeassistant.setup] Setup of domain timer took 0.2 seconds
2022-04-01 12:41:26 INFO (MainThread) [homeassistant.setup] Setup of domain input_text took 0.2 seconds
2022-04-01 12:41:26 INFO (MainThread) [homeassistant.setup] Setup of domain tts took 0.1 seconds
2022-04-01 12:41:26 INFO (SyncWorker_5) [homeassistant.loader] Loaded notify from homeassistant.components.notify
2022-04-01 12:41:27 INFO (MainThread) [homeassistant.setup] Setting up mobile_app
2022-04-01 12:41:27 INFO (MainThread) [homeassistant.setup] Setup of domain mobile_app took 0.0 seconds
2022-04-01 12:41:27 INFO (MainThread) [homeassistant.setup] Setting up notify
2022-04-01 12:41:27 INFO (MainThread) [homeassistant.setup] Setup of domain notify took 0.0 seconds
2022-04-01 12:41:27 INFO (MainThread) [homeassistant.setup] Setting up default_config
2022-04-01 12:41:27 INFO (MainThread) [homeassistant.setup] Setup of domain default_config took 0.0 seconds
2022-04-01 12:41:27 INFO (MainThread) [homeassistant.components.notify] Setting up notify.mobile_app
2022-04-01 12:41:27 DEBUG (SyncWorker_4) [custom_components.vesync.pyvesync.helpers] [post] calling '/cloud/v1/deviceManaged/devices' api
2022-04-01 12:41:27 DEBUG (SyncWorker_4) [custom_components.vesync.pyvesync.vesync] New device list initialized
2022-04-01 12:41:27 DEBUG (SyncWorker_4) [custom_components.vesync.pyvesync.helpers] [post] calling '/cloud/v2/deviceManaged/bypassV2' api
2022-04-01 12:41:28 INFO (MainThread) [custom_components.vesync.common] 1 VeSync fans found
2022-04-01 12:41:28 INFO (MainThread) [homeassistant.components.sensor] Setting up sensor.vesync
2022-04-01 12:41:28 INFO (SyncWorker_1) [homeassistant.loader] Loaded switch from homeassistant.components.switch
2022-04-01 12:41:28 INFO (SyncWorker_5) [homeassistant.loader] Loaded fan from homeassistant.components.fan
2022-04-01 12:41:28 DEBUG (SyncWorker_5) [custom_components.vesync.pyvesync.helpers] [post] calling '/cloud/v2/deviceManaged/bypassV2' api
2022-04-01 12:41:28 INFO (SyncWorker_3) [homeassistant.loader] Loaded light from homeassistant.components.light
2022-04-01 12:41:28 INFO (SyncWorker_2) [homeassistant.loader] Loaded number from homeassistant.components.number
2022-04-01 12:41:28 INFO (SyncWorker_1) [homeassistant.loader] Loaded binary_sensor from homeassistant.components.binary_sensor
2022-04-01 12:41:28 INFO (SyncWorker_0) [homeassistant.loader] Loaded humidifier from homeassistant.components.humidifier
2022-04-01 12:41:28 INFO (MainThread) [homeassistant.setup] Setting up switch
2022-04-01 12:41:28 INFO (MainThread) [homeassistant.setup] Setup of domain switch took 0.0 seconds
2022-04-01 12:41:28 INFO (MainThread) [homeassistant.setup] Setting up fan
2022-04-01 12:41:28 INFO (MainThread) [homeassistant.setup] Setup of domain fan took 0.0 seconds
2022-04-01 12:41:28 INFO (MainThread) [homeassistant.setup] Setting up light
2022-04-01 12:41:28 INFO (MainThread) [homeassistant.setup] Setting up number
2022-04-01 12:41:28 INFO (MainThread) [homeassistant.setup] Setup of domain number took 0.0 seconds
2022-04-01 12:41:28 INFO (MainThread) [homeassistant.setup] Setting up binary_sensor
2022-04-01 12:41:28 INFO (MainThread) [homeassistant.setup] Setup of domain binary_sensor took 0.0 seconds
2022-04-01 12:41:28 INFO (MainThread) [homeassistant.setup] Setting up humidifier
2022-04-01 12:41:28 INFO (MainThread) [homeassistant.setup] Setup of domain humidifier took 0.0 seconds
2022-04-01 12:41:28 INFO (MainThread) [homeassistant.components.switch] Setting up switch.vesync
2022-04-01 12:41:28 INFO (MainThread) [homeassistant.components.fan] Setting up fan.vesync
2022-04-01 12:41:28 INFO (MainThread) [homeassistant.setup] Setup of domain light took 0.0 seconds
2022-04-01 12:41:28 INFO (MainThread) [homeassistant.components.number] Setting up number.vesync
2022-04-01 12:41:28 INFO (MainThread) [homeassistant.components.binary_sensor] Setting up binary_sensor.vesync
2022-04-01 12:41:28 INFO (MainThread) [homeassistant.components.humidifier] Setting up humidifier.vesync
2022-04-01 12:41:28 DEBUG (SyncWorker_2) [custom_components.vesync.pyvesync.helpers] [post] calling '/cloud/v2/deviceManaged/bypassV2' api
2022-04-01 12:41:28 INFO (MainThread) [homeassistant.components.light] Setting up light.vesync
2022-04-01 12:41:28 DEBUG (SyncWorker_0) [custom_components.vesync.pyvesync.helpers] [post] calling '/cloud/v2/deviceManaged/bypassV2' api
2022-04-01 12:41:28 DEBUG (SyncWorker_3) [custom_components.vesync.pyvesync.helpers] [post] calling '/cloud/v2/deviceManaged/bypassV2' api
2022-04-01 12:41:28 DEBUG (SyncWorker_4) [custom_components.vesync.pyvesync.helpers] [post] calling '/cloud/v2/deviceManaged/bypassV2' api
2022-04-01 12:41:29 DEBUG (SyncWorker_1) [custom_components.vesync.pyvesync.helpers] [post] calling '/cloud/v2/deviceManaged/bypassV2' api
2022-04-01 12:41:29 DEBUG (SyncWorker_2) [custom_components.vesync.pyvesync.helpers] [post] calling '/cloud/v2/deviceManaged/bypassV2' api
2022-04-01 12:41:29 DEBUG (SyncWorker_0) [custom_components.vesync.pyvesync.helpers] [post] calling '/cloud/v2/deviceManaged/bypassV2' api
2022-04-01 12:41:29 DEBUG (SyncWorker_4) [custom_components.vesync.pyvesync.helpers] [post] calling '/cloud/v2/deviceManaged/bypassV2' api
2022-04-01 12:41:30 INFO (MainThread) [homeassistant.bootstrap] Home Assistant initialized in 5.01s
2022-04-01 12:41:30 INFO (MainThread) [homeassistant.core] Starting Home Assistant
2022-04-01 12:41:30 INFO (MainThread) [homeassistant.core] Timer:starting
2022-04-01 12:41:30 INFO (MainThread) [homeassistant.components.zeroconf] Starting Zeroconf broadcast
2022-04-01 12:41:30 INFO (SyncWorker_3) [homeassistant.loader] Loaded overkiz from homeassistant.components.overkiz
2022-04-01 12:41:30 INFO (SyncWorker_1) [homeassistant.loader] Loaded hue from homeassistant.components.hue
2022-04-01 12:41:31 INFO (SyncWorker_4) [homeassistant.loader] Loaded somfy from homeassistant.components.somfy
2022-04-01 12:41:31 INFO (SyncWorker_4) [homeassistant.loader] Loaded upnp from homeassistant.components.upnp
2022-04-01 12:41:31 INFO (SyncWorker_5) [homeassistant.loader] Loaded cast from homeassistant.components.cast
2022-04-01 12:41:31 INFO (SyncWorker_1) [homeassistant.loader] Loaded plex from homeassistant.components.plex
2022-04-01 12:41:31 INFO (SyncWorker_0) [homeassistant.loader] Loaded homekit_controller from homeassistant.components.homekit_controller
2022-04-01 12:41:32 INFO (SyncWorker_3) [homeassistant.loader] Loaded netatmo from homeassistant.components.netatmo
2022-04-01 12:41:32 INFO (SyncWorker_2) [homeassistant.loader] Loaded ipp from homeassistant.components.ipp
2022-04-01 12:41:32 INFO (SyncWorker_4) [homeassistant.loader] Loaded esphome from homeassistant.components.esphome
2022-04-01 12:41:32 INFO (SyncWorker_5) [homeassistant.loader] Loaded harmony from homeassistant.components.harmony
2022-04-01 12:41:32 INFO (SyncWorker_1) [homeassistant.loader] Loaded remote from homeassistant.components.remote
2022-04-01 12:41:32 INFO (MainThread) [homeassistant.setup] Setting up remote
2022-04-01 12:41:32 INFO (MainThread) [homeassistant.setup] Setup of domain remote took 0.0 seconds
2022-04-01 12:41:32 INFO (SyncWorker_3) [homeassistant.loader] Loaded dlna_dms from homeassistant.components.dlna_dms
2022-04-01 12:41:32 INFO (SyncWorker_2) [homeassistant.loader] Loaded devolo_home_control from homeassistant.components.devolo_home_control
2022-04-01 12:41:32 INFO (SyncWorker_4) [homeassistant.loader] Loaded devolo_home_network from homeassistant.components.devolo_home_network
2022-04-01 12:41:59 DEBUG (SyncWorker_1) [custom_components.vesync.pyvesync.helpers] [post] calling '/cloud/v2/deviceManaged/bypassV2' api
2022-04-01 12:41:59 DEBUG (SyncWorker_0) [custom_components.vesync.pyvesync.helpers] [post] calling '/cloud/v2/deviceManaged/bypassV2' api
2022-04-01 12:42:00 DEBUG (SyncWorker_3) [custom_components.vesync.pyvesync.helpers] [post] calling '/cloud/v2/deviceManaged/bypassV2' api
2022-04-01 12:42:00 DEBUG (SyncWorker_2) [custom_components.vesync.pyvesync.helpers] [post] calling '/cloud/v2/deviceManaged/bypassV2' api
2022-04-01 12:42:00 DEBUG (SyncWorker_4) [custom_components.vesync.pyvesync.helpers] [post] calling '/cloud/v2/deviceManaged/bypassV2' api
2022-04-01 12:42:00 DEBUG (SyncWorker_1) [custom_components.vesync.pyvesync.helpers] [post] calling '/cloud/v2/deviceManaged/bypassV2' api
2022-04-01 12:42:00 DEBUG (SyncWorker_5) [custom_components.vesync.pyvesync.helpers] [post] calling '/cloud/v2/deviceManaged/bypassV2' api
2022-04-01 12:42:01 DEBUG (SyncWorker_0) [custom_components.vesync.pyvesync.helpers] [post] calling '/cloud/v2/deviceManaged/bypassV2' api
2022-04-01 12:42:29 DEBUG (SyncWorker_3) [custom_components.vesync.pyvesync.helpers] [post] calling '/cloud/v2/deviceManaged/bypassV2' api
2022-04-01 12:42:29 DEBUG (SyncWorker_1) [custom_components.vesync.pyvesync.helpers] [post] calling '/cloud/v2/deviceManaged/bypassV2' api
2022-04-01 12:42:29 DEBUG (SyncWorker_2) [custom_components.vesync.pyvesync.helpers] [post] calling '/cloud/v2/deviceManaged/bypassV2' api
2022-04-01 12:42:30 DEBUG (SyncWorker_4) [custom_components.vesync.pyvesync.helpers] [post] calling '/cloud/v2/deviceManaged/bypassV2' api
2022-04-01 12:42:30 DEBUG (SyncWorker_3) [custom_components.vesync.pyvesync.helpers] [post] calling '/cloud/v2/deviceManaged/bypassV2' api
2022-04-01 12:42:30 DEBUG (SyncWorker_1) [custom_components.vesync.pyvesync.helpers] [post] calling '/cloud/v2/deviceManaged/bypassV2' api
2022-04-01 12:42:30 DEBUG (SyncWorker_0) [custom_components.vesync.pyvesync.helpers] [post] calling '/cloud/v2/deviceManaged/bypassV2' api
2022-04-01 12:42:31 DEBUG (SyncWorker_5) [custom_components.vesync.pyvesync.helpers] [post] calling '/cloud/v2/deviceManaged/bypassV2' api
2022-04-01 12:42:31 DEBUG (SyncWorker_2) [custom_components.vesync.pyvesync.helpers] [post] calling '/cloud/v2/deviceManaged/bypassV2' api
2022-04-01 12:42:59 DEBUG (SyncWorker_4) [custom_components.vesync.pyvesync.helpers] [post] calling '/cloud/v2/deviceManaged/bypassV2' api
2022-04-01 12:42:59 DEBUG (SyncWorker_0) [custom_components.vesync.pyvesync.helpers] [post] calling '/cloud/v2/deviceManaged/bypassV2' api
2022-04-01 12:43:00 DEBUG (SyncWorker_3) [custom_components.vesync.pyvesync.helpers] [post] calling '/cloud/v2/deviceManaged/bypassV2' api
2022-04-01 12:43:00 DEBUG (SyncWorker_1) [custom_components.vesync.pyvesync.helpers] [post] calling '/cloud/v2/deviceManaged/bypassV2' api
2022-04-01 12:43:00 DEBUG (SyncWorker_5) [custom_components.vesync.pyvesync.helpers] [post] calling '/cloud/v2/deviceManaged/bypassV2' api
2022-04-01 12:43:00 DEBUG (SyncWorker_4) [custom_components.vesync.pyvesync.helpers] [post] calling '/cloud/v2/deviceManaged/bypassV2' api
2022-04-01 12:43:01 DEBUG (SyncWorker_2) [custom_components.vesync.pyvesync.helpers] [post] calling '/cloud/v2/deviceManaged/bypassV2' api
2022-04-01 12:43:01 DEBUG (SyncWorker_0) [custom_components.vesync.pyvesync.helpers] [post] calling '/cloud/v2/deviceManaged/bypassV2' api
2022-04-01 12:43:29 DEBUG (SyncWorker_3) [custom_components.vesync.pyvesync.helpers] [post] calling '/cloud/v2/deviceManaged/bypassV2' api
2022-04-01 12:43:29 DEBUG (SyncWorker_4) [custom_components.vesync.pyvesync.helpers] [post] calling '/cloud/v2/deviceManaged/bypassV2' api
2022-04-01 12:43:29 DEBUG (SyncWorker_1) [custom_components.vesync.pyvesync.helpers] [post] calling '/cloud/v2/deviceManaged/bypassV2' api
2022-04-01 12:43:30 DEBUG (SyncWorker_5) [custom_components.vesync.pyvesync.helpers] [post] calling '/cloud/v2/deviceManaged/bypassV2' api
2022-04-01 12:43:30 DEBUG (SyncWorker_3) [custom_components.vesync.pyvesync.helpers] [post] calling '/cloud/v2/deviceManaged/bypassV2' api
2022-04-01 12:43:30 DEBUG (SyncWorker_0) [custom_components.vesync.pyvesync.helpers] [post] calling '/cloud/v2/deviceManaged/bypassV2' api
2022-04-01 12:43:30 DEBUG (SyncWorker_4) [custom_components.vesync.pyvesync.helpers] [post] calling '/cloud/v2/deviceManaged/bypassV2' api
2022-04-01 12:43:31 DEBUG (SyncWorker_2) [custom_components.vesync.pyvesync.helpers] [post] calling '/cloud/v2/deviceManaged/bypassV2' api
2022-04-01 12:43:31 DEBUG (SyncWorker_1) [custom_components.vesync.pyvesync.helpers] [post] calling '/cloud/v2/deviceManaged/bypassV2' api
2022-04-01 12:43:59 DEBUG (SyncWorker_5) [custom_components.vesync.pyvesync.helpers] [post] calling '/cloud/v2/deviceManaged/bypassV2' api
2022-04-01 12:43:59 DEBUG (SyncWorker_4) [custom_components.vesync.pyvesync.helpers] [post] calling '/cloud/v2/deviceManaged/bypassV2' api
2022-04-01 12:44:00 DEBUG (SyncWorker_3) [custom_components.vesync.pyvesync.helpers] [post] calling '/cloud/v2/deviceManaged/bypassV2' api
2022-04-01 12:44:00 DEBUG (SyncWorker_0) [custom_components.vesync.pyvesync.helpers] [post] calling '/cloud/v2/deviceManaged/bypassV2' api
2022-04-01 12:44:00 DEBUG (SyncWorker_2) [custom_components.vesync.pyvesync.helpers] [post] calling '/cloud/v2/deviceManaged/bypassV2' api
2022-04-01 12:44:00 DEBUG (SyncWorker_5) [custom_components.vesync.pyvesync.helpers] [post] calling '/cloud/v2/deviceManaged/bypassV2' api
2022-04-01 12:44:01 DEBUG (SyncWorker_1) [custom_components.vesync.pyvesync.helpers] [post] calling '/cloud/v2/deviceManaged/bypassV2' api
2022-04-01 12:44:01 DEBUG (SyncWorker_4) [custom_components.vesync.pyvesync.helpers] [post] calling '/cloud/v2/deviceManaged/bypassV2' api
2022-04-01 12:44:29 DEBUG (SyncWorker_5) [custom_components.vesync.pyvesync.helpers] [post] calling '/cloud/v2/deviceManaged/bypassV2' api
2022-04-01 12:44:29 DEBUG (SyncWorker_0) [custom_components.vesync.pyvesync.helpers] [post] calling '/cloud/v2/deviceManaged/bypassV2' api
2022-04-01 12:44:29 DEBUG (SyncWorker_2) [custom_components.vesync.pyvesync.helpers] [post] calling '/cloud/v2/deviceManaged/bypassV2' api
2022-04-01 12:44:30 DEBUG (SyncWorker_1) [custom_components.vesync.pyvesync.helpers] [post] calling '/cloud/v2/deviceManaged/bypassV2' api
2022-04-01 12:44:30 DEBUG (SyncWorker_3) [custom_components.vesync.pyvesync.helpers] [post] calling '/cloud/v2/deviceManaged/bypassV2' api
2022-04-01 12:44:30 DEBUG (SyncWorker_4) [custom_components.vesync.pyvesync.helpers] [post] calling '/cloud/v2/deviceManaged/bypassV2' api
2022-04-01 12:44:30 DEBUG (SyncWorker_5) [custom_components.vesync.pyvesync.helpers] [post] calling '/cloud/v2/deviceManaged/bypassV2' api
2022-04-01 12:44:31 DEBUG (SyncWorker_0) [custom_components.vesync.pyvesync.helpers] [post] calling '/cloud/v2/deviceManaged/bypassV2' api
2022-04-01 12:44:31 DEBUG (SyncWorker_2) [custom_components.vesync.pyvesync.helpers] [post] calling '/cloud/v2/deviceManaged/bypassV2' api
2022-04-01 12:44:59 DEBUG (SyncWorker_1) [custom_components.vesync.pyvesync.helpers] [post] calling '/cloud/v2/deviceManaged/bypassV2' api
2022-04-01 12:44:59 DEBUG (SyncWorker_5) [custom_components.vesync.pyvesync.helpers] [post] calling '/cloud/v2/deviceManaged/bypassV2' api
2022-04-01 12:45:00 DEBUG (SyncWorker_3) [custom_components.vesync.pyvesync.helpers] [post] calling '/cloud/v2/deviceManaged/bypassV2' api
2022-04-01 12:45:00 DEBUG (SyncWorker_4) [custom_components.vesync.pyvesync.helpers] [post] calling '/cloud/v2/deviceManaged/bypassV2' api
2022-04-01 12:45:00 DEBUG (SyncWorker_0) [custom_components.vesync.pyvesync.helpers] [post] calling '/cloud/v2/deviceManaged/bypassV2' api
2022-04-01 12:45:00 DEBUG (SyncWorker_1) [custom_components.vesync.pyvesync.helpers] [post] calling '/cloud/v2/deviceManaged/bypassV2' api
2022-04-01 12:45:00 DEBUG (SyncWorker_2) [custom_components.vesync.pyvesync.helpers] [post] calling '/cloud/v2/deviceManaged/bypassV2' api
2022-04-01 12:45:01 DEBUG (SyncWorker_5) [custom_components.vesync.pyvesync.helpers] [post] calling '/cloud/v2/deviceManaged/bypassV2' api
2022-04-01 12:45:29 DEBUG (SyncWorker_3) [custom_components.vesync.pyvesync.helpers] [post] calling '/cloud/v2/deviceManaged/bypassV2' api
2022-04-01 12:45:29 DEBUG (SyncWorker_1) [custom_components.vesync.pyvesync.helpers] [post] calling '/cloud/v2/deviceManaged/bypassV2' api
2022-04-01 12:45:29 DEBUG (SyncWorker_4) [custom_components.vesync.pyvesync.helpers] [post] calling '/cloud/v2/deviceManaged/bypassV2' api
2022-04-01 12:45:30 DEBUG (SyncWorker_0) [custom_components.vesync.pyvesync.helpers] [post] calling '/cloud/v2/deviceManaged/bypassV2' api
2022-04-01 12:45:30 DEBUG (SyncWorker_3) [custom_components.vesync.pyvesync.helpers] [post] calling '/cloud/v2/deviceManaged/bypassV2' api
2022-04-01 12:45:30 DEBUG (SyncWorker_1) [custom_components.vesync.pyvesync.helpers] [post] calling '/cloud/v2/deviceManaged/bypassV2' api
2022-04-01 12:45:30 DEBUG (SyncWorker_5) [custom_components.vesync.pyvesync.helpers] [post] calling '/cloud/v2/deviceManaged/bypassV2' api
2022-04-01 12:45:30 DEBUG (SyncWorker_2) [custom_components.vesync.pyvesync.helpers] [post] calling '/cloud/v2/deviceManaged/bypassV2' api
2022-04-01 12:45:31 DEBUG (SyncWorker_4) [custom_components.vesync.pyvesync.helpers] [post] calling '/cloud/v2/deviceManaged/bypassV2' api
2022-04-01 12:45:59 DEBUG (SyncWorker_0) [custom_components.vesync.pyvesync.helpers] [post] calling '/cloud/v2/deviceManaged/bypassV2' api
2022-04-01 12:45:59 DEBUG (SyncWorker_5) [custom_components.vesync.pyvesync.helpers] [post] calling '/cloud/v2/deviceManaged/bypassV2' api
2022-04-01 12:46:00 DEBUG (SyncWorker_3) [custom_components.vesync.pyvesync.helpers] [post] calling '/cloud/v2/deviceManaged/bypassV2' api
2022-04-01 12:46:00 DEBUG (SyncWorker_1) [custom_components.vesync.pyvesync.helpers] [post] calling '/cloud/v2/deviceManaged/bypassV2' api
2022-04-01 12:46:00 DEBUG (SyncWorker_2) [custom_components.vesync.pyvesync.helpers] [post] calling '/cloud/v2/deviceManaged/bypassV2' api
2022-04-01 12:46:00 DEBUG (SyncWorker_0) [custom_components.vesync.pyvesync.helpers] [post] calling '/cloud/v2/deviceManaged/bypassV2' api
2022-04-01 12:46:01 DEBUG (SyncWorker_4) [custom_components.vesync.pyvesync.helpers] [post] calling '/cloud/v2/deviceManaged/bypassV2' api
2022-04-01 12:46:01 DEBUG (SyncWorker_5) [custom_components.vesync.pyvesync.helpers] [post] calling '/cloud/v2/deviceManaged/bypassV2' api
2022-04-01 12:46:29 DEBUG (SyncWorker_5) [custom_components.vesync.pyvesync.helpers] [post] calling '/cloud/v2/deviceManaged/bypassV2' api
2022-04-01 12:46:29 DEBUG (SyncWorker_1) [custom_components.vesync.pyvesync.helpers] [post] calling '/cloud/v2/deviceManaged/bypassV2' api
2022-04-01 12:46:30 DEBUG (SyncWorker_0) [custom_components.vesync.pyvesync.helpers] [post] calling '/cloud/v2/deviceManaged/bypassV2' api
2022-04-01 12:46:30 DEBUG (SyncWorker_8) [custom_components.vesync.pyvesync.helpers] [post] calling '/cloud/v2/deviceManaged/bypassV2' api
2022-04-01 12:46:30 DEBUG (SyncWorker_9) [custom_components.vesync.pyvesync.helpers] [post] calling '/cloud/v2/deviceManaged/bypassV2' api
2022-04-01 12:46:30 DEBUG (SyncWorker_2) [custom_components.vesync.pyvesync.helpers] [post] calling '/cloud/v2/deviceManaged/bypassV2' api
2022-04-01 12:46:30 DEBUG (SyncWorker_10) [custom_components.vesync.pyvesync.helpers] [post] calling '/cloud/v2/deviceManaged/bypassV2' api
2022-04-01 12:46:31 DEBUG (SyncWorker_8) [custom_components.vesync.pyvesync.helpers] [post] calling '/cloud/v2/deviceManaged/bypassV2' api
2022-04-01 12:46:31 DEBUG (SyncWorker_1) [custom_components.vesync.pyvesync.helpers] [post] calling '/cloud/v2/deviceManaged/bypassV2' api
2022-04-01 12:46:59 DEBUG (SyncWorker_0) [custom_components.vesync.pyvesync.helpers] [post] calling '/cloud/v2/deviceManaged/bypassV2' api
2022-04-01 12:47:00 DEBUG (SyncWorker_2) [custom_components.vesync.pyvesync.helpers] [post] calling '/cloud/v2/deviceManaged/bypassV2' api
2022-04-01 12:47:00 DEBUG (SyncWorker_10) [custom_components.vesync.pyvesync.helpers] [post] calling '/cloud/v2/deviceManaged/bypassV2' api
2022-04-01 12:47:00 DEBUG (SyncWorker_6) [custom_components.vesync.pyvesync.helpers] [post] calling '/cloud/v2/deviceManaged/bypassV2' api
2022-04-01 12:47:00 DEBUG (SyncWorker_0) [custom_components.vesync.pyvesync.helpers] [post] calling '/cloud/v2/deviceManaged/bypassV2' api
2022-04-01 12:47:00 DEBUG (SyncWorker_2) [custom_components.vesync.pyvesync.helpers] [post] calling '/cloud/v2/deviceManaged/bypassV2' api
2022-04-01 12:47:01 DEBUG (SyncWorker_7) [custom_components.vesync.pyvesync.helpers] [post] calling '/cloud/v2/deviceManaged/bypassV2' api
2022-04-01 12:47:02 DEBUG (SyncWorker_1) [custom_components.vesync.pyvesync.helpers] [post] calling '/cloud/v2/deviceManaged/bypassV2' api
2022-04-01 12:47:29 DEBUG (SyncWorker_0) [custom_components.vesync.pyvesync.helpers] [post] calling '/cloud/v2/deviceManaged/bypassV2' api
2022-04-01 12:47:29 DEBUG (SyncWorker_7) [custom_components.vesync.pyvesync.helpers] [post] calling '/cloud/v2/deviceManaged/bypassV2' api
2022-04-01 12:47:30 DEBUG (SyncWorker_1) [custom_components.vesync.pyvesync.helpers] [post] calling '/cloud/v2/deviceManaged/bypassV2' api
2022-04-01 12:47:30 DEBUG (SyncWorker_5) [custom_components.vesync.pyvesync.helpers] [post] calling '/cloud/v2/deviceManaged/bypassV2' api
2022-04-01 12:47:30 DEBUG (SyncWorker_8) [custom_components.vesync.pyvesync.helpers] [post] calling '/cloud/v2/deviceManaged/bypassV2' api
2022-04-01 12:47:30 DEBUG (SyncWorker_3) [custom_components.vesync.pyvesync.helpers] [post] calling '/cloud/v2/deviceManaged/bypassV2' api
2022-04-01 12:47:30 DEBUG (SyncWorker_9) [custom_components.vesync.pyvesync.helpers] [post] calling '/cloud/v2/deviceManaged/bypassV2' api
2022-04-01 12:47:31 DEBUG (SyncWorker_10) [custom_components.vesync.pyvesync.helpers] [post] calling '/cloud/v2/deviceManaged/bypassV2' api
2022-04-01 12:47:31 DEBUG (SyncWorker_4) [custom_components.vesync.pyvesync.helpers] [post] calling '/cloud/v2/deviceManaged/bypassV2' api
2022-04-01 12:47:59 DEBUG (SyncWorker_1) [custom_components.vesync.pyvesync.helpers] [post] calling '/cloud/v2/deviceManaged/bypassV2' api
2022-04-01 12:48:00 DEBUG (SyncWorker_5) [custom_components.vesync.pyvesync.helpers] [post] calling '/cloud/v2/deviceManaged/bypassV2' api
2022-04-01 12:48:00 DEBUG (SyncWorker_8) [custom_components.vesync.pyvesync.helpers] [post] calling '/cloud/v2/deviceManaged/bypassV2' api
2022-04-01 12:48:00 DEBUG (SyncWorker_3) [custom_components.vesync.pyvesync.helpers] [post] calling '/cloud/v2/deviceManaged/bypassV2' api
2022-04-01 12:48:00 DEBUG (SyncWorker_10) [custom_components.vesync.pyvesync.helpers] [post] calling '/cloud/v2/deviceManaged/bypassV2' api
2022-04-01 12:48:00 DEBUG (SyncWorker_4) [custom_components.vesync.pyvesync.helpers] [post] calling '/cloud/v2/deviceManaged/bypassV2' api
2022-04-01 12:48:00 DEBUG (SyncWorker_1) [custom_components.vesync.pyvesync.helpers] [post] calling '/cloud/v2/deviceManaged/bypassV2' api
2022-04-01 12:48:01 DEBUG (SyncWorker_7) [custom_components.vesync.pyvesync.helpers] [post] calling '/cloud/v2/deviceManaged/bypassV2' api
2022-04-01 12:48:29 DEBUG (SyncWorker_5) [custom_components.vesync.pyvesync.helpers] [post] calling '/cloud/v2/deviceManaged/bypassV2' api
2022-04-01 12:48:29 DEBUG (SyncWorker_8) [custom_components.vesync.pyvesync.helpers] [post] calling '/cloud/v2/deviceManaged/bypassV2' api
2022-04-01 12:48:30 DEBUG (SyncWorker_3) [custom_components.vesync.pyvesync.helpers] [post] calling '/cloud/v2/deviceManaged/bypassV2' api
2022-04-01 12:48:30 DEBUG (SyncWorker_10) [custom_components.vesync.pyvesync.helpers] [post] calling '/cloud/v2/deviceManaged/bypassV2' api
2022-04-01 12:48:30 DEBUG (SyncWorker_1) [custom_components.vesync.pyvesync.helpers] [post] calling '/cloud/v2/deviceManaged/bypassV2' api
2022-04-01 12:48:30 DEBUG (SyncWorker_7) [custom_components.vesync.pyvesync.helpers] [post] calling '/cloud/v2/deviceManaged/bypassV2' api
2022-04-01 12:48:30 DEBUG (SyncWorker_6) [custom_components.vesync.pyvesync.helpers] [post] calling '/cloud/v2/deviceManaged/bypassV2' api
2022-04-01 12:48:31 DEBUG (SyncWorker_0) [custom_components.vesync.pyvesync.helpers] [post] calling '/cloud/v2/deviceManaged/bypassV2' api
2022-04-01 12:48:31 DEBUG (SyncWorker_4) [custom_components.vesync.pyvesync.helpers] [post] calling '/cloud/v2/deviceManaged/bypassV2' api
2022-04-01 12:48:59 DEBUG (SyncWorker_3) [custom_components.vesync.pyvesync.helpers] [post] calling '/cloud/v2/deviceManaged/bypassV2' api
2022-04-01 12:49:00 DEBUG (SyncWorker_10) [custom_components.vesync.pyvesync.helpers] [post] calling '/cloud/v2/deviceManaged/bypassV2' api
2022-04-01 12:49:00 DEBUG (SyncWorker_1) [custom_components.vesync.pyvesync.helpers] [post] calling '/cloud/v2/deviceManaged/bypassV2' api
2022-04-01 12:49:00 DEBUG (SyncWorker_7) [custom_components.vesync.pyvesync.helpers] [post] calling '/cloud/v2/deviceManaged/bypassV2' api
2022-04-01 12:49:00 DEBUG (SyncWorker_0) [custom_components.vesync.pyvesync.helpers] [post] calling '/cloud/v2/deviceManaged/bypassV2' api
2022-04-01 12:49:00 DEBUG (SyncWorker_4) [custom_components.vesync.pyvesync.helpers] [post] calling '/cloud/v2/deviceManaged/bypassV2' api
2022-04-01 12:49:01 DEBUG (SyncWorker_3) [custom_components.vesync.pyvesync.helpers] [post] calling '/cloud/v2/deviceManaged/bypassV2' api
2022-04-01 12:49:01 DEBUG (SyncWorker_8) [custom_components.vesync.pyvesync.helpers] [post] calling '/cloud/v2/deviceManaged/bypassV2' api
2022-04-01 12:49:29 DEBUG (SyncWorker_10) [custom_components.vesync.pyvesync.helpers] [post] calling '/cloud/v2/deviceManaged/bypassV2' api
2022-04-01 12:49:29 DEBUG (SyncWorker_1) [custom_components.vesync.pyvesync.helpers] [post] calling '/cloud/v2/deviceManaged/bypassV2' api
2022-04-01 12:49:30 DEBUG (SyncWorker_7) [custom_components.vesync.pyvesync.helpers] [post] calling '/cloud/v2/deviceManaged/bypassV2' api
2022-04-01 12:49:30 DEBUG (SyncWorker_0) [custom_components.vesync.pyvesync.helpers] [post] calling '/cloud/v2/deviceManaged/bypassV2' api
2022-04-01 12:49:30 DEBUG (SyncWorker_3) [custom_components.vesync.pyvesync.helpers] [post] calling '/cloud/v2/deviceManaged/bypassV2' api
2022-04-01 12:49:30 DEBUG (SyncWorker_8) [custom_components.vesync.pyvesync.helpers] [post] calling '/cloud/v2/deviceManaged/bypassV2' api
2022-04-01 12:49:30 DEBUG (SyncWorker_2) [custom_components.vesync.pyvesync.helpers] [post] calling '/cloud/v2/deviceManaged/bypassV2' api
2022-04-01 12:49:31 DEBUG (SyncWorker_5) [custom_components.vesync.pyvesync.helpers] [post] calling '/cloud/v2/deviceManaged/bypassV2' api
2022-04-01 12:49:31 DEBUG (SyncWorker_4) [custom_components.vesync.pyvesync.helpers] [post] calling '/cloud/v2/deviceManaged/bypassV2' api
2022-04-01 12:49:59 DEBUG (SyncWorker_7) [custom_components.vesync.pyvesync.helpers] [post] calling '/cloud/v2/deviceManaged/bypassV2' api
2022-04-01 12:50:00 DEBUG (SyncWorker_0) [custom_components.vesync.pyvesync.helpers] [post] calling '/cloud/v2/deviceManaged/bypassV2' api
2022-04-01 12:50:00 DEBUG (SyncWorker_3) [custom_components.vesync.pyvesync.helpers] [post] calling '/cloud/v2/deviceManaged/bypassV2' api
2022-04-01 12:50:00 DEBUG (SyncWorker_8) [custom_components.vesync.pyvesync.helpers] [post] calling '/cloud/v2/deviceManaged/bypassV2' api
2022-04-01 12:50:00 DEBUG (SyncWorker_5) [custom_components.vesync.pyvesync.helpers] [post] calling '/cloud/v2/deviceManaged/bypassV2' api
2022-04-01 12:50:00 DEBUG (SyncWorker_4) [custom_components.vesync.pyvesync.helpers] [post] calling '/cloud/v2/deviceManaged/bypassV2' api
2022-04-01 12:50:01 DEBUG (SyncWorker_7) [custom_components.vesync.pyvesync.helpers] [post] calling '/cloud/v2/deviceManaged/bypassV2' api
2022-04-01 12:50:01 DEBUG (SyncWorker_1) [custom_components.vesync.pyvesync.helpers] [post] calling '/cloud/v2/deviceManaged/bypassV2' api
2022-04-01 12:50:29 DEBUG (SyncWorker_0) [custom_components.vesync.pyvesync.helpers] [post] calling '/cloud/v2/deviceManaged/bypassV2' api
2022-04-01 12:50:29 DEBUG (SyncWorker_3) [custom_components.vesync.pyvesync.helpers] [post] calling '/cloud/v2/deviceManaged/bypassV2' api
2022-04-01 12:50:30 DEBUG (SyncWorker_8) [custom_components.vesync.pyvesync.helpers] [post] calling '/cloud/v2/deviceManaged/bypassV2' api
2022-04-01 12:50:30 DEBUG (SyncWorker_5) [custom_components.vesync.pyvesync.helpers] [post] calling '/cloud/v2/deviceManaged/bypassV2' api
2022-04-01 12:50:30 DEBUG (SyncWorker_7) [custom_components.vesync.pyvesync.helpers] [post] calling '/cloud/v2/deviceManaged/bypassV2' api
2022-04-01 12:50:30 DEBUG (SyncWorker_1) [custom_components.vesync.pyvesync.helpers] [post] calling '/cloud/v2/deviceManaged/bypassV2' api
2022-04-01 12:50:30 DEBUG (SyncWorker_9) [custom_components.vesync.pyvesync.helpers] [post] calling '/cloud/v2/deviceManaged/bypassV2' api
2022-04-01 12:50:31 DEBUG (SyncWorker_3) [custom_components.vesync.pyvesync.helpers] [post] calling '/cloud/v2/deviceManaged/bypassV2' api
2022-04-01 12:50:31 DEBUG (SyncWorker_4) [custom_components.vesync.pyvesync.helpers] [post] calling '/cloud/v2/deviceManaged/bypassV2' api
2022-04-01 12:50:59 DEBUG (SyncWorker_8) [custom_components.vesync.pyvesync.helpers] [post] calling '/cloud/v2/deviceManaged/bypassV2' api
2022-04-01 12:51:00 DEBUG (SyncWorker_5) [custom_components.vesync.pyvesync.helpers] [post] calling '/cloud/v2/deviceManaged/bypassV2' api
2022-04-01 12:51:00 DEBUG (SyncWorker_7) [custom_components.vesync.pyvesync.helpers] [post] calling '/cloud/v2/deviceManaged/bypassV2' api
2022-04-01 12:51:00 DEBUG (SyncWorker_1) [custom_components.vesync.pyvesync.helpers] [post] calling '/cloud/v2/deviceManaged/bypassV2' api
2022-04-01 12:51:00 DEBUG (SyncWorker_3) [custom_components.vesync.pyvesync.helpers] [post] calling '/cloud/v2/deviceManaged/bypassV2' api
2022-04-01 12:51:00 DEBUG (SyncWorker_4) [custom_components.vesync.pyvesync.helpers] [post] calling '/cloud/v2/deviceManaged/bypassV2' api
2022-04-01 12:51:00 DEBUG (SyncWorker_8) [custom_components.vesync.pyvesync.helpers] [post] calling '/cloud/v2/deviceManaged/bypassV2' api
2022-04-01 12:51:01 DEBUG (SyncWorker_10) [custom_components.vesync.pyvesync.helpers] [post] calling '/cloud/v2/deviceManaged/bypassV2' api
2022-04-01 12:51:29 DEBUG (SyncWorker_5) [custom_components.vesync.pyvesync.helpers] [post] calling '/cloud/v2/deviceManaged/bypassV2' api
2022-04-01 12:51:29 DEBUG (SyncWorker_7) [custom_components.vesync.pyvesync.helpers] [post] calling '/cloud/v2/deviceManaged/bypassV2' api
2022-04-01 12:51:30 DEBUG (SyncWorker_1) [custom_components.vesync.pyvesync.helpers] [post] calling '/cloud/v2/deviceManaged/bypassV2' api
2022-04-01 12:51:30 DEBUG (SyncWorker_3) [custom_components.vesync.pyvesync.helpers] [post] calling '/cloud/v2/deviceManaged/bypassV2' api
2022-04-01 12:51:30 DEBUG (SyncWorker_8) [custom_components.vesync.pyvesync.helpers] [post] calling '/cloud/v2/deviceManaged/bypassV2' api
2022-04-01 12:51:30 DEBUG (SyncWorker_10) [custom_components.vesync.pyvesync.helpers] [post] calling '/cloud/v2/deviceManaged/bypassV2' api
2022-04-01 12:51:30 DEBUG (SyncWorker_6) [custom_components.vesync.pyvesync.helpers] [post] calling '/cloud/v2/deviceManaged/bypassV2' api
2022-04-01 12:51:31 DEBUG (SyncWorker_0) [custom_components.vesync.pyvesync.helpers] [post] calling '/cloud/v2/deviceManaged/bypassV2' api
2022-04-01 12:51:31 DEBUG (SyncWorker_4) [custom_components.vesync.pyvesync.helpers] [post] calling '/cloud/v2/deviceManaged/bypassV2' api
2022-04-01 12:51:59 DEBUG (SyncWorker_1) [custom_components.vesync.pyvesync.helpers] [post] calling '/cloud/v2/deviceManaged/bypassV2' api
2022-04-01 12:52:00 DEBUG (SyncWorker_3) [custom_components.vesync.pyvesync.helpers] [post] calling '/cloud/v2/deviceManaged/bypassV2' api
2022-04-01 12:52:00 DEBUG (SyncWorker_8) [custom_components.vesync.pyvesync.helpers] [post] calling '/cloud/v2/deviceManaged/bypassV2' api
2022-04-01 12:52:00 DEBUG (SyncWorker_10) [custom_components.vesync.pyvesync.helpers] [post] calling '/cloud/v2/deviceManaged/bypassV2' api
2022-04-01 12:52:00 DEBUG (SyncWorker_0) [custom_components.vesync.pyvesync.helpers] [post] calling '/cloud/v2/deviceManaged/bypassV2' api
2022-04-01 12:52:01 DEBUG (SyncWorker_4) [custom_components.vesync.pyvesync.helpers] [post] calling '/cloud/v2/deviceManaged/bypassV2' api
2022-04-01 12:52:01 DEBUG (SyncWorker_1) [custom_components.vesync.pyvesync.helpers] [post] calling '/cloud/v2/deviceManaged/bypassV2' api
2022-04-01 12:52:01 DEBUG (SyncWorker_7) [custom_components.vesync.pyvesync.helpers] [post] calling '/cloud/v2/deviceManaged/bypassV2' api
2022-04-01 12:52:29 DEBUG (SyncWorker_8) [custom_components.vesync.pyvesync.helpers] [post] calling '/cloud/v2/deviceManaged/bypassV2' api
2022-04-01 12:52:29 DEBUG (SyncWorker_10) [custom_components.vesync.pyvesync.helpers] [post] calling '/cloud/v2/deviceManaged/bypassV2' api
2022-04-01 12:52:30 DEBUG (SyncWorker_3) [custom_components.vesync.pyvesync.helpers] [post] calling '/cloud/v2/deviceManaged/bypassV2' api
2022-04-01 12:52:30 DEBUG (SyncWorker_0) [custom_components.vesync.pyvesync.helpers] [post] calling '/cloud/v2/deviceManaged/bypassV2' api
2022-04-01 12:52:30 DEBUG (SyncWorker_6) [custom_components.vesync.pyvesync.helpers] [post] calling '/cloud/v2/deviceManaged/bypassV2' api
2022-04-01 12:52:30 DEBUG (SyncWorker_7) [custom_components.vesync.pyvesync.helpers] [post] calling '/cloud/v2/deviceManaged/bypassV2' api
2022-04-01 12:52:30 DEBUG (SyncWorker_2) [custom_components.vesync.pyvesync.helpers] [post] calling '/cloud/v2/deviceManaged/bypassV2' api
2022-04-01 12:52:31 DEBUG (SyncWorker_5) [custom_components.vesync.pyvesync.helpers] [post] calling '/cloud/v2/deviceManaged/bypassV2' api
2022-04-01 12:52:31 DEBUG (SyncWorker_4) [custom_components.vesync.pyvesync.helpers] [post] calling '/cloud/v2/deviceManaged/bypassV2' api
2022-04-01 12:52:59 DEBUG (SyncWorker_3) [custom_components.vesync.pyvesync.helpers] [post] calling '/cloud/v2/deviceManaged/bypassV2' api
2022-04-01 12:53:00 DEBUG (SyncWorker_0) [custom_components.vesync.pyvesync.helpers] [post] calling '/cloud/v2/deviceManaged/bypassV2' api
2022-04-01 12:53:00 DEBUG (SyncWorker_6) [custom_components.vesync.pyvesync.helpers] [post] calling '/cloud/v2/deviceManaged/bypassV2' api
2022-04-01 12:53:00 DEBUG (SyncWorker_7) [custom_components.vesync.pyvesync.helpers] [post] calling '/cloud/v2/deviceManaged/bypassV2' api
2022-04-01 12:53:00 DEBUG (SyncWorker_5) [custom_components.vesync.pyvesync.helpers] [post] calling '/cloud/v2/deviceManaged/bypassV2' api
2022-04-01 12:53:00 DEBUG (SyncWorker_4) [custom_components.vesync.pyvesync.helpers] [post] calling '/cloud/v2/deviceManaged/bypassV2' api
2022-04-01 12:53:01 DEBUG (SyncWorker_3) [custom_components.vesync.pyvesync.helpers] [post] calling '/cloud/v2/deviceManaged/bypassV2' api
2022-04-01 12:53:01 DEBUG (SyncWorker_10) [custom_components.vesync.pyvesync.helpers] [post] calling '/cloud/v2/deviceManaged/bypassV2' api
2022-04-01 12:53:29 DEBUG (SyncWorker_0) [custom_components.vesync.pyvesync.helpers] [post] calling '/cloud/v2/deviceManaged/bypassV2' api
2022-04-01 12:53:29 DEBUG (SyncWorker_6) [custom_components.vesync.pyvesync.helpers] [post] calling '/cloud/v2/deviceManaged/bypassV2' api
2022-04-01 12:53:30 DEBUG (SyncWorker_7) [custom_components.vesync.pyvesync.helpers] [post] calling '/cloud/v2/deviceManaged/bypassV2' api
2022-04-01 12:53:30 DEBUG (SyncWorker_5) [custom_components.vesync.pyvesync.helpers] [post] calling '/cloud/v2/deviceManaged/bypassV2' api
2022-04-01 12:53:30 DEBUG (SyncWorker_3) [custom_components.vesync.pyvesync.helpers] [post] calling '/cloud/v2/deviceManaged/bypassV2' api
2022-04-01 12:53:30 DEBUG (SyncWorker_10) [custom_components.vesync.pyvesync.helpers] [post] calling '/cloud/v2/deviceManaged/bypassV2' api
2022-04-01 12:53:30 DEBUG (SyncWorker_9) [custom_components.vesync.pyvesync.helpers] [post] calling '/cloud/v2/deviceManaged/bypassV2' api
2022-04-01 12:53:31 DEBUG (SyncWorker_6) [custom_components.vesync.pyvesync.helpers] [post] calling '/cloud/v2/deviceManaged/bypassV2' api
2022-04-01 12:53:31 DEBUG (SyncWorker_4) [custom_components.vesync.pyvesync.helpers] [post] calling '/cloud/v2/deviceManaged/bypassV2' api
2022-04-01 12:53:59 DEBUG (SyncWorker_7) [custom_components.vesync.pyvesync.helpers] [post] calling '/cloud/v2/deviceManaged/bypassV2' api
2022-04-01 12:54:00 DEBUG (SyncWorker_5) [custom_components.vesync.pyvesync.helpers] [post] calling '/cloud/v2/deviceManaged/bypassV2' api
2022-04-01 12:54:00 DEBUG (SyncWorker_3) [custom_components.vesync.pyvesync.helpers] [post] calling '/cloud/v2/deviceManaged/bypassV2' api
2022-04-01 12:54:00 DEBUG (SyncWorker_10) [custom_components.vesync.pyvesync.helpers] [post] calling '/cloud/v2/deviceManaged/bypassV2' api
2022-04-01 12:54:00 DEBUG (SyncWorker_6) [custom_components.vesync.pyvesync.helpers] [post] calling '/cloud/v2/deviceManaged/bypassV2' api
2022-04-01 12:54:00 DEBUG (SyncWorker_4) [custom_components.vesync.pyvesync.helpers] [post] calling '/cloud/v2/deviceManaged/bypassV2' api
2022-04-01 12:54:01 DEBUG (SyncWorker_7) [custom_components.vesync.pyvesync.helpers] [post] calling '/cloud/v2/deviceManaged/bypassV2' api
2022-04-01 12:54:01 DEBUG (SyncWorker_8) [custom_components.vesync.pyvesync.helpers] [post] calling '/cloud/v2/deviceManaged/bypassV2' api
2022-04-01 12:54:29 DEBUG (SyncWorker_5) [custom_components.vesync.pyvesync.helpers] [post] calling '/cloud/v2/deviceManaged/bypassV2' api
2022-04-01 12:54:29 DEBUG (SyncWorker_3) [custom_components.vesync.pyvesync.helpers] [post] calling '/cloud/v2/deviceManaged/bypassV2' api
2022-04-01 12:54:30 DEBUG (SyncWorker_10) [custom_components.vesync.pyvesync.helpers] [post] calling '/cloud/v2/deviceManaged/bypassV2' api
2022-04-01 12:54:30 DEBUG (SyncWorker_6) [custom_components.vesync.pyvesync.helpers] [post] calling '/cloud/v2/deviceManaged/bypassV2' api
2022-04-01 12:54:30 DEBUG (SyncWorker_7) [custom_components.vesync.pyvesync.helpers] [post] calling '/cloud/v2/deviceManaged/bypassV2' api
2022-04-01 12:54:30 DEBUG (SyncWorker_8) [custom_components.vesync.pyvesync.helpers] [post] calling '/cloud/v2/deviceManaged/bypassV2' api
2022-04-01 12:54:30 DEBUG (SyncWorker_1) [custom_components.vesync.pyvesync.helpers] [post] calling '/cloud/v2/deviceManaged/bypassV2' api
2022-04-01 12:54:31 DEBUG (SyncWorker_3) [custom_components.vesync.pyvesync.helpers] [post] calling '/cloud/v2/deviceManaged/bypassV2' api
2022-04-01 12:54:31 DEBUG (SyncWorker_4) [custom_components.vesync.pyvesync.helpers] [post] calling '/cloud/v2/deviceManaged/bypassV2' api
2022-04-01 12:54:59 DEBUG (SyncWorker_10) [custom_components.vesync.pyvesync.helpers] [post] calling '/cloud/v2/deviceManaged/bypassV2' api
2022-04-01 12:55:00 DEBUG (SyncWorker_6) [custom_components.vesync.pyvesync.helpers] [post] calling '/cloud/v2/deviceManaged/bypassV2' api
2022-04-01 12:55:00 DEBUG (SyncWorker_7) [custom_components.vesync.pyvesync.helpers] [post] calling '/cloud/v2/deviceManaged/bypassV2' api
2022-04-01 12:55:00 DEBUG (SyncWorker_8) [custom_components.vesync.pyvesync.helpers] [post] calling '/cloud/v2/deviceManaged/bypassV2' api
2022-04-01 12:55:00 DEBUG (SyncWorker_3) [custom_components.vesync.pyvesync.helpers] [post] calling '/cloud/v2/deviceManaged/bypassV2' api
2022-04-01 12:55:00 DEBUG (SyncWorker_4) [custom_components.vesync.pyvesync.helpers] [post] calling '/cloud/v2/deviceManaged/bypassV2' api
2022-04-01 12:55:01 DEBUG (SyncWorker_10) [custom_components.vesync.pyvesync.helpers] [post] calling '/cloud/v2/deviceManaged/bypassV2' api
2022-04-01 12:55:01 DEBUG (SyncWorker_0) [custom_components.vesync.pyvesync.helpers] [post] calling '/cloud/v2/deviceManaged/bypassV2' api
2022-04-01 12:55:29 DEBUG (SyncWorker_6) [custom_components.vesync.pyvesync.helpers] [post] calling '/cloud/v2/deviceManaged/bypassV2' api
2022-04-01 12:55:29 DEBUG (SyncWorker_7) [custom_components.vesync.pyvesync.helpers] [post] calling '/cloud/v2/deviceManaged/bypassV2' api
2022-04-01 12:55:30 DEBUG (SyncWorker_8) [custom_components.vesync.pyvesync.helpers] [post] calling '/cloud/v2/deviceManaged/bypassV2' api
2022-04-01 12:55:30 DEBUG (SyncWorker_3) [custom_components.vesync.pyvesync.helpers] [post] calling '/cloud/v2/deviceManaged/bypassV2' api
2022-04-01 12:55:30 DEBUG (SyncWorker_10) [custom_components.vesync.pyvesync.helpers] [post] calling '/cloud/v2/deviceManaged/bypassV2' api
2022-04-01 12:55:30 DEBUG (SyncWorker_0) [custom_components.vesync.pyvesync.helpers] [post] calling '/cloud/v2/deviceManaged/bypassV2' api
2022-04-01 12:55:30 DEBUG (SyncWorker_2) [custom_components.vesync.pyvesync.helpers] [post] calling '/cloud/v2/deviceManaged/bypassV2' api
2022-04-01 12:55:31 DEBUG (SyncWorker_7) [custom_components.vesync.pyvesync.helpers] [post] calling '/cloud/v2/deviceManaged/bypassV2' api
2022-04-01 12:55:31 DEBUG (SyncWorker_4) [custom_components.vesync.pyvesync.helpers] [post] calling '/cloud/v2/deviceManaged/bypassV2' api
2022-04-01 12:55:59 DEBUG (SyncWorker_8) [custom_components.vesync.pyvesync.helpers] [post] calling '/cloud/v2/deviceManaged/bypassV2' api
2022-04-01 12:56:00 DEBUG (SyncWorker_3) [custom_components.vesync.pyvesync.helpers] [post] calling '/cloud/v2/deviceManaged/bypassV2' api
2022-04-01 12:56:00 DEBUG (SyncWorker_10) [custom_components.vesync.pyvesync.helpers] [post] calling '/cloud/v2/deviceManaged/bypassV2' api
2022-04-01 12:56:00 DEBUG (SyncWorker_0) [custom_components.vesync.pyvesync.helpers] [post] calling '/cloud/v2/deviceManaged/bypassV2' api
2022-04-01 12:56:00 DEBUG (SyncWorker_7) [custom_components.vesync.pyvesync.helpers] [post] calling '/cloud/v2/deviceManaged/bypassV2' api
2022-04-01 12:56:00 DEBUG (SyncWorker_4) [custom_components.vesync.pyvesync.helpers] [post] calling '/cloud/v2/deviceManaged/bypassV2' api
2022-04-01 12:56:01 DEBUG (SyncWorker_8) [custom_components.vesync.pyvesync.helpers] [post] calling '/cloud/v2/deviceManaged/bypassV2' api
2022-04-01 12:56:01 DEBUG (SyncWorker_5) [custom_components.vesync.pyvesync.helpers] [post] calling '/cloud/v2/deviceManaged/bypassV2' api
2022-04-01 12:56:29 DEBUG (SyncWorker_3) [custom_components.vesync.pyvesync.helpers] [post] calling '/cloud/v2/deviceManaged/bypassV2' api
2022-04-01 12:56:29 DEBUG (SyncWorker_10) [custom_components.vesync.pyvesync.helpers] [post] calling '/cloud/v2/deviceManaged/bypassV2' api
2022-04-01 12:56:30 DEBUG (SyncWorker_0) [custom_components.vesync.pyvesync.helpers] [post] calling '/cloud/v2/deviceManaged/bypassV2' api
2022-04-01 12:56:30 DEBUG (SyncWorker_7) [custom_components.vesync.pyvesync.helpers] [post] calling '/cloud/v2/deviceManaged/bypassV2' api
2022-04-01 12:56:30 DEBUG (SyncWorker_5) [custom_components.vesync.pyvesync.helpers] [post] calling '/cloud/v2/deviceManaged/bypassV2' api
2022-04-01 12:56:30 DEBUG (SyncWorker_9) [custom_components.vesync.pyvesync.helpers] [post] calling '/cloud/v2/deviceManaged/bypassV2' api
2022-04-01 12:56:30 DEBUG (SyncWorker_10) [custom_components.vesync.pyvesync.helpers] [post] calling '/cloud/v2/deviceManaged/bypassV2' api
2022-04-01 12:56:31 DEBUG (SyncWorker_4) [custom_components.vesync.pyvesync.helpers] [post] calling '/cloud/v2/deviceManaged/bypassV2' api
2022-04-01 12:56:31 DEBUG (SyncWorker_8) [custom_components.vesync.pyvesync.helpers] [post] calling '/cloud/v2/deviceManaged/bypassV2' api
2022-04-01 12:56:55 INFO (Recorder) [homeassistant.components.recorder.pool.RecorderPool] Pool recreating
